[2020-10-26T22:22:43.759] [DEBUG] cheese - login => username:zs,password:123456
[2020-10-26T22:22:43.761] [DEBUG] cheese - zs
[2020-10-26T22:22:44.300] [DEBUG] cheese - null
[2020-10-26T22:22:44.300] [DEBUG] cheese - null
[2020-10-26T22:23:17.559] [DEBUG] cheese - login => username:admin,password:123456
[2020-10-26T22:23:17.559] [DEBUG] cheese - admin
[2020-10-26T22:23:17.567] [DEBUG] cheese - null
[2020-10-26T22:23:17.567] [DEBUG] cheese - null
[2020-10-29T22:01:47.001] [DEBUG] cheese - login => username:32234,password:2342344
[2020-10-29T22:01:47.005] [DEBUG] cheese - 32234
[2020-10-29T22:01:47.062] [DEBUG] cheese - null
[2020-10-29T22:01:47.063] [DEBUG] cheese - null
[2020-10-29T22:02:55.251] [DEBUG] cheese - login => username:13124,password:34234324
[2020-10-29T22:02:55.251] [DEBUG] cheese - 13124
[2020-10-29T22:02:55.253] [DEBUG] cheese - null
[2020-10-29T22:02:55.253] [DEBUG] cheese - null
[2020-10-29T22:04:14.194] [DEBUG] cheese - login => username:12314234,password:234234234
[2020-10-29T22:04:14.194] [DEBUG] cheese - 12314234
[2020-10-29T22:04:14.195] [DEBUG] cheese - null
[2020-10-29T22:04:14.195] [DEBUG] cheese - null
[2020-10-29T22:08:35.155] [DEBUG] cheese - login => username:14234234,password:234234234
[2020-10-29T22:08:35.155] [DEBUG] cheese - 14234234
[2020-10-29T22:08:35.157] [DEBUG] cheese - null
[2020-10-29T22:08:35.157] [DEBUG] cheese - null
[2020-10-29T22:08:49.609] [DEBUG] cheese - login => username:admin,password:123456
[2020-10-29T22:08:49.609] [DEBUG] cheese - admin
[2020-10-29T22:08:49.613] [DEBUG] cheese - null
[2020-10-29T22:08:49.614] [DEBUG] cheese - null
[2020-10-31T14:17:36.859] [DEBUG] cheese - login => username:qwe,password:qweqweqwe
[2020-10-31T14:17:36.860] [DEBUG] cheese - qwe
[2020-10-31T14:17:36.945] [DEBUG] cheese - null
[2020-10-31T14:17:36.946] [DEBUG] cheese - null
[2020-10-31T14:17:37.002] [DEBUG] cheese - login => username:qwe,password:qweqweqwe
[2020-10-31T14:17:37.002] [DEBUG] cheese - qwe
[2020-10-31T14:17:37.005] [DEBUG] cheese - null
[2020-10-31T14:17:37.005] [DEBUG] cheese - null
[2020-10-31T14:17:37.958] [DEBUG] cheese - login => username:qwe,password:qweqweqwe
[2020-10-31T14:17:37.959] [DEBUG] cheese - qwe
[2020-10-31T14:17:37.964] [DEBUG] cheese - null
[2020-10-31T14:17:37.964] [DEBUG] cheese - null
[2020-10-31T14:17:41.585] [DEBUG] cheese - login => username:qwe,password:qweqweqwe
[2020-10-31T14:17:41.585] [DEBUG] cheese - qwe
[2020-10-31T14:17:41.588] [DEBUG] cheese - null
[2020-10-31T14:17:41.588] [DEBUG] cheese - null
[2020-10-31T14:17:41.737] [DEBUG] cheese - login => username:qwe,password:qweqweqwe
[2020-10-31T14:17:41.737] [DEBUG] cheese - qwe
[2020-10-31T14:17:41.739] [DEBUG] cheese - null
[2020-10-31T14:17:41.739] [DEBUG] cheese - null
[2020-10-31T14:17:41.910] [DEBUG] cheese - login => username:qwe,password:qweqweqwe
[2020-10-31T14:17:41.910] [DEBUG] cheese - qwe
[2020-10-31T14:17:41.912] [DEBUG] cheese - null
[2020-10-31T14:17:41.912] [DEBUG] cheese - null
[2020-10-31T14:17:42.774] [DEBUG] cheese - login => username:qwe,password:qweqweqwe
[2020-10-31T14:17:42.774] [DEBUG] cheese - qwe
[2020-10-31T14:17:42.779] [DEBUG] cheese - null
[2020-10-31T14:17:42.779] [DEBUG] cheese - null
[2020-10-31T14:17:43.414] [DEBUG] cheese - login => username:qwe,password:qweqweqwe
[2020-10-31T14:17:43.414] [DEBUG] cheese - qwe
[2020-10-31T14:17:43.417] [DEBUG] cheese - null
[2020-10-31T14:17:43.417] [DEBUG] cheese - null
[2020-10-31T14:17:43.622] [DEBUG] cheese - login => username:qwe,password:qweqweqwe
[2020-10-31T14:17:43.622] [DEBUG] cheese - qwe
[2020-10-31T14:17:43.624] [DEBUG] cheese - null
[2020-10-31T14:17:43.624] [DEBUG] cheese - null
[2020-10-31T14:17:43.870] [DEBUG] cheese - login => username:qwe,password:qweqweqwe
[2020-10-31T14:17:43.870] [DEBUG] cheese - qwe
[2020-10-31T14:17:43.873] [DEBUG] cheese - null
[2020-10-31T14:17:43.873] [DEBUG] cheese - null
[2020-10-31T14:17:44.102] [DEBUG] cheese - login => username:qwe,password:qweqweqwe
[2020-10-31T14:17:44.102] [DEBUG] cheese - qwe
[2020-10-31T14:17:44.104] [DEBUG] cheese - null
[2020-10-31T14:17:44.104] [DEBUG] cheese - null
[2020-10-31T14:17:44.279] [DEBUG] cheese - login => username:qwe,password:qweqweqwe
[2020-10-31T14:17:44.279] [DEBUG] cheese - qwe
[2020-10-31T14:17:44.281] [DEBUG] cheese - null
[2020-10-31T14:17:44.281] [DEBUG] cheese - null
[2020-10-31T14:17:44.501] [DEBUG] cheese - login => username:qwe,password:qweqweqwe
[2020-10-31T14:17:44.501] [DEBUG] cheese - qwe
[2020-10-31T14:17:44.503] [DEBUG] cheese - null
[2020-10-31T14:17:44.503] [DEBUG] cheese - null
[2020-10-31T14:17:44.682] [DEBUG] cheese - login => username:qwe,password:qweqweqwe
[2020-10-31T14:17:44.682] [DEBUG] cheese - qwe
[2020-10-31T14:17:44.685] [DEBUG] cheese - null
[2020-10-31T14:17:44.685] [DEBUG] cheese - null
[2020-10-31T14:17:58.914] [DEBUG] cheese - login => username:admin,password:123456
[2020-10-31T14:17:58.914] [DEBUG] cheese - admin
[2020-10-31T14:17:58.919] [DEBUG] cheese - null
[2020-10-31T14:17:58.919] [DEBUG] cheese - null
[2020-10-31T14:17:59.998] [DEBUG] cheese - login => username:admin,password:123456
[2020-10-31T14:17:59.998] [DEBUG] cheese - admin
[2020-10-31T14:18:00.001] [DEBUG] cheese - null
[2020-10-31T14:18:00.001] [DEBUG] cheese - null
[2020-10-31T14:18:00.649] [DEBUG] cheese - login => username:admin,password:123456
[2020-10-31T14:18:00.649] [DEBUG] cheese - admin
[2020-10-31T14:18:00.653] [DEBUG] cheese - null
[2020-10-31T14:18:00.653] [DEBUG] cheese - null
[2020-10-31T14:20:19.417] [DEBUG] cheese - login => username:admin,password:123456
[2020-10-31T14:20:19.417] [DEBUG] cheese - admin
[2020-10-31T14:20:19.419] [DEBUG] cheese - null
[2020-10-31T14:20:19.419] [DEBUG] cheese - null
[2020-10-31T14:25:17.522] [DEBUG] cheese - login => username:admin,password:123456
[2020-10-31T14:25:17.522] [DEBUG] cheese - admin
[2020-10-31T14:25:17.527] [DEBUG] cheese - null
[2020-10-31T14:25:17.527] [DEBUG] cheese - null
[2020-10-31T14:30:00.463] [DEBUG] cheese - login => username:admin,password:123456
[2020-10-31T14:30:00.463] [DEBUG] cheese - admin
[2020-10-31T14:30:00.466] [DEBUG] cheese - null
[2020-10-31T14:30:00.466] [DEBUG] cheese - null
[2020-10-31T14:43:22.859] [DEBUG] cheese - login => username:admin,password:123456
[2020-10-31T14:43:22.860] [DEBUG] cheese - admin
[2020-10-31T14:43:22.864] [DEBUG] cheese - null
[2020-10-31T14:43:22.864] [DEBUG] cheese - null
[2020-10-31T14:45:38.161] [DEBUG] cheese - login => username:admin,password:123456
[2020-10-31T14:45:38.162] [DEBUG] cheese - admin
[2020-10-31T14:45:38.165] [DEBUG] cheese - null
[2020-10-31T14:45:38.165] [DEBUG] cheese - null
[2020-10-31T16:59:30.289] [DEBUG] cheese - login => username:admin,password:123456
[2020-10-31T16:59:30.289] [DEBUG] cheese - admin
[2020-10-31T16:59:30.294] [DEBUG] cheese - null
[2020-10-31T16:59:30.295] [DEBUG] cheese - null
[2020-11-01T07:57:03.665] [DEBUG] cheese - login => username:admin,password:123456
[2020-11-01T07:57:03.666] [DEBUG] cheese - admin
[2020-11-01T07:57:03.698] [DEBUG] cheese - null
[2020-11-01T07:57:03.698] [DEBUG] cheese - null
[2020-11-01T07:59:01.393] [DEBUG] cheese - login => username:admin,password:123456
[2020-11-01T07:59:01.393] [DEBUG] cheese - admin
[2020-11-01T07:59:01.396] [DEBUG] cheese - null
[2020-11-01T07:59:01.396] [DEBUG] cheese - null
[2020-11-01T07:59:33.957] [DEBUG] cheese - login => username:admin,password:123456
[2020-11-01T07:59:33.957] [DEBUG] cheese - admin
[2020-11-01T07:59:33.960] [DEBUG] cheese - null
[2020-11-01T07:59:33.960] [DEBUG] cheese - null
[2020-11-01T10:25:20.761] [DEBUG] cheese - login => username:admin,password:123456
[2020-11-01T10:25:20.761] [DEBUG] cheese - admin
[2020-11-01T10:25:20.764] [DEBUG] cheese - null
[2020-11-01T10:25:20.764] [DEBUG] cheese - null
[2020-11-01T10:33:38.827] [DEBUG] cheese - login => username:admin,password:123456
[2020-11-01T10:33:38.827] [DEBUG] cheese - admin
[2020-11-01T10:33:38.829] [DEBUG] cheese - null
[2020-11-01T10:33:38.829] [DEBUG] cheese - null
[2020-11-01T16:23:35.716] [DEBUG] cheese - login => username:admin,password:123456
[2020-11-01T16:23:35.717] [DEBUG] cheese - admin
[2020-11-01T16:23:35.810] [DEBUG] cheese - null
[2020-11-01T16:23:35.812] [DEBUG] cheese - null
[2020-11-01T16:29:23.932] [DEBUG] cheese - login => username:admin,password:123456
[2020-11-01T16:29:23.932] [DEBUG] cheese - admin
[2020-11-01T16:29:23.935] [DEBUG] cheese - null
[2020-11-01T16:29:23.936] [DEBUG] cheese - null
[2020-11-01T16:44:09.260] [DEBUG] cheese - login => username:admin,password:123456
[2020-11-01T16:44:09.260] [DEBUG] cheese - admin
[2020-11-01T16:44:09.263] [DEBUG] cheese - null
[2020-11-01T16:44:09.264] [DEBUG] cheese - null
[2020-11-01T16:52:29.411] [DEBUG] cheese - login => username:admin,password:123456
[2020-11-01T16:52:29.411] [DEBUG] cheese - admin
[2020-11-01T16:52:29.414] [DEBUG] cheese - null
[2020-11-01T16:52:29.414] [DEBUG] cheese - null
[2020-11-01T16:53:30.427] [DEBUG] cheese - login => username:admin,password:123456
[2020-11-01T16:53:30.427] [DEBUG] cheese - admin
[2020-11-01T16:53:30.430] [DEBUG] cheese - null
[2020-11-01T16:53:30.430] [DEBUG] cheese - null
[2020-11-01T18:17:37.281] [DEBUG] cheese - login => username:admin,password:123456
[2020-11-01T18:17:37.281] [DEBUG] cheese - admin
[2020-11-01T18:17:37.283] [DEBUG] cheese - null
[2020-11-01T18:17:37.284] [DEBUG] cheese - null
[2020-11-02T19:54:06.718] [DEBUG] cheese - login => username:admin,password:123456
[2020-11-02T19:54:06.720] [DEBUG] cheese - admin
[2020-11-02T19:54:06.775] [DEBUG] cheese - null
[2020-11-02T19:54:06.776] [DEBUG] cheese - null
[2020-11-02T21:17:33.607] [DEBUG] cheese - login => username:admin,password:123456
[2020-11-02T21:17:33.607] [DEBUG] cheese - admin
[2020-11-02T21:17:33.610] [DEBUG] cheese - null
[2020-11-02T21:17:33.610] [DEBUG] cheese - null
[2020-11-02T21:17:57.193] [DEBUG] cheese - login => username:admin,password:123456
[2020-11-02T21:17:57.194] [DEBUG] cheese - admin
[2020-11-02T21:17:57.196] [DEBUG] cheese - null
[2020-11-02T21:17:57.196] [DEBUG] cheese - null
[2020-11-03T21:09:45.411] [DEBUG] cheese - login => username:admin,password:123456
[2020-11-03T21:09:45.413] [DEBUG] cheese - admin
[2020-11-03T21:09:45.473] [DEBUG] cheese - null
[2020-11-03T21:09:45.474] [DEBUG] cheese - null
[2020-11-04T20:22:14.646] [DEBUG] cheese - login => username:admin,password:123456
[2020-11-04T20:22:14.647] [DEBUG] cheese - admin
[2020-11-04T20:22:14.718] [DEBUG] cheese - null
[2020-11-04T20:22:14.718] [DEBUG] cheese - null
[2020-11-04T20:59:13.573] [DEBUG] cheese - null
[2020-11-04T21:01:21.289] [DEBUG] cheese - null
[2020-11-05T19:18:07.054] [DEBUG] cheese - login => username:admin,password:123456
[2020-11-05T19:18:07.056] [DEBUG] cheese - admin
[2020-11-05T19:18:07.132] [DEBUG] cheese - null
[2020-11-05T19:18:07.133] [DEBUG] cheese - null
[2020-11-07T09:49:13.372] [DEBUG] cheese - login => username:admin,password:123456
[2020-11-07T09:49:13.374] [DEBUG] cheese - admin
[2020-11-07T09:49:13.431] [DEBUG] cheese - null
[2020-11-07T09:49:13.432] [DEBUG] cheese - null
[2020-11-07T14:01:10.617] [DEBUG] cheese - login => username:admin,password:123456
[2020-11-07T14:01:10.617] [DEBUG] cheese - admin
[2020-11-07T14:01:10.622] [DEBUG] cheese - null
[2020-11-07T14:01:10.622] [DEBUG] cheese - null
[2020-11-08T08:21:48.239] [DEBUG] cheese - login => username:admin,password:123456
[2020-11-08T08:21:48.240] [DEBUG] cheese - admin
[2020-11-08T08:21:48.252] [DEBUG] cheese - null
[2020-11-08T08:21:48.252] [DEBUG] cheese - null
[2020-11-08T15:36:09.570] [DEBUG] cheese - login => username:admin,password:123456
[2020-11-08T15:36:09.570] [DEBUG] cheese - admin
[2020-11-08T15:36:09.574] [DEBUG] cheese - null
[2020-11-08T15:36:09.574] [DEBUG] cheese - null
[2020-11-08T21:00:19.457] [DEBUG] cheese - null
[2020-11-09T20:31:56.795] [DEBUG] cheese - login => username:admin,password:123456
[2020-11-09T20:31:56.796] [DEBUG] cheese - admin
[2020-11-09T20:31:56.847] [DEBUG] cheese - null
[2020-11-09T20:31:56.847] [DEBUG] cheese - null
[2020-11-11T20:50:11.138] [DEBUG] cheese - login => username:admin,password:123456
[2020-11-11T20:50:11.140] [DEBUG] cheese - admin
[2020-11-11T20:50:11.210] [DEBUG] cheese - null
[2020-11-11T20:50:11.211] [DEBUG] cheese - null
[2020-11-12T20:51:05.544] [DEBUG] cheese - login => username:admin,password:123456
[2020-11-12T20:51:05.545] [DEBUG] cheese - admin
[2020-11-12T20:51:05.619] [DEBUG] cheese - null
[2020-11-12T20:51:05.620] [DEBUG] cheese - null
[2020-11-14T09:59:49.017] [DEBUG] cheese - login => username:admin,password:123456
[2020-11-14T09:59:49.018] [DEBUG] cheese - admin
[2020-11-14T09:59:49.127] [DEBUG] cheese - null
[2020-11-14T09:59:49.129] [DEBUG] cheese - null
[2020-11-14T10:16:54.219] [DEBUG] cheese - login => username:admin,password:123456
[2020-11-14T10:16:54.220] [DEBUG] cheese - admin
[2020-11-14T10:16:54.223] [DEBUG] cheese - null
[2020-11-14T10:16:54.224] [DEBUG] cheese - null
[2020-11-14T11:07:59.748] [DEBUG] cheese - login => username:admin,password:123456
[2020-11-14T11:07:59.748] [DEBUG] cheese - admin
[2020-11-14T11:07:59.751] [DEBUG] cheese - null
[2020-11-14T11:07:59.751] [DEBUG] cheese - null
[2020-11-14T11:30:44.619] [DEBUG] cheese - login => username:admin,password:123456
[2020-11-14T11:30:44.619] [DEBUG] cheese - admin
[2020-11-14T11:30:44.623] [DEBUG] cheese - null
[2020-11-14T11:30:44.623] [DEBUG] cheese - null
[2020-11-14T11:57:26.934] [DEBUG] cheese - login => username:admin,password:123456
[2020-11-14T11:57:26.934] [DEBUG] cheese - admin
[2020-11-14T11:57:26.938] [DEBUG] cheese - null
[2020-11-14T11:57:26.939] [DEBUG] cheese - null
[2020-11-14T14:14:32.122] [DEBUG] cheese - login => username:admin,password:123456
[2020-11-14T14:14:32.123] [DEBUG] cheese - admin
[2020-11-14T14:14:32.127] [DEBUG] cheese - null
[2020-11-14T14:14:32.128] [DEBUG] cheese - null
[2020-11-14T14:16:03.876] [DEBUG] cheese - login => username:admin,password:123456
[2020-11-14T14:16:03.876] [DEBUG] cheese - admin
[2020-11-14T14:16:03.878] [DEBUG] cheese - null
[2020-11-14T14:16:03.878] [DEBUG] cheese - null
[2020-11-14T14:36:54.536] [DEBUG] cheese - login => username:admin,password:123456
[2020-11-14T14:36:54.536] [DEBUG] cheese - admin
[2020-11-14T14:36:54.540] [DEBUG] cheese - null
[2020-11-14T14:36:54.540] [DEBUG] cheese - null
[2020-11-14T15:06:44.475] [DEBUG] cheese - login => username:admin,password:123456
[2020-11-14T15:06:44.477] [DEBUG] cheese - admin
[2020-11-14T15:06:44.540] [DEBUG] cheese - null
[2020-11-14T15:06:44.541] [DEBUG] cheese - null
[2022-01-29T20:41:53.892] [DEBUG] cheese - login => username:admin,password:123456
[2022-01-29T20:41:53.893] [DEBUG] cheese - admin
[2022-01-29T20:41:53.902] [DEBUG] cheese - null
[2022-01-29T20:41:53.902] [DEBUG] cheese - null
